{"contracts\\staking\\IStakingPlatform.sol":{"l":{},"path":"C:\\Users\\Sahil Santhosh\\Desktop\\contracts\\Csigma-Staking\\contracts\\staking\\IStakingPlatform.sol","s":{},"b":{},"f":{},"fnMap":{},"statementMap":{},"branchMap":{}},"contracts\\staking\\StakingPlatform.sol":{"l":{"44":168,"45":168,"46":168,"47":168,"48":168,"58":66,"59":56,"60":56,"61":56,"62":56,"76":1108,"80":1098,"84":1088,"86":1078,"87":244,"90":1078,"92":1078,"93":1078,"94":1078,"95":1070,"108":105,"112":103,"113":99,"118":97,"119":97,"120":45,"122":97,"123":97,"124":97,"126":96,"137":106,"142":94,"143":94,"144":38,"147":94,"148":94,"149":94,"150":94,"151":94,"153":93,"164":35,"169":25,"170":25,"171":25,"172":18,"187":224,"196":18,"211":424,"219":893,"233":3752,"234":376,"237":3376,"254":3378,"255":3378,"256":3378,"257":3088,"258":3088,"260":3088,"264":290,"267":290,"275":976,"277":976,"278":976,"280":966,"281":966,"282":966,"292":2245,"293":2245},"path":"C:\\Users\\Sahil Santhosh\\Desktop\\contracts\\Csigma-Staking\\contracts\\staking\\StakingPlatform.sol","s":{"1":168,"2":168,"3":168,"4":168,"5":168,"6":66,"7":56,"8":56,"9":56,"10":56,"11":1108,"12":1098,"13":1088,"14":1078,"15":244,"16":1078,"17":1078,"18":1078,"19":1078,"20":1070,"21":105,"22":103,"23":99,"24":97,"25":97,"26":45,"27":97,"28":97,"29":97,"30":96,"31":106,"32":94,"33":94,"34":38,"35":94,"36":94,"37":94,"38":94,"39":94,"40":93,"41":35,"42":25,"43":25,"44":25,"45":18,"46":224,"47":18,"48":424,"49":893,"50":3752,"51":376,"52":3376,"53":3378,"54":3378,"55":3378,"56":3088,"57":3088,"58":3088,"59":290,"60":290,"61":976,"62":976,"63":976,"64":966,"65":966,"66":966,"67":2245,"68":2245},"b":{"1":[56,10],"2":[1098,10],"3":[1088,10],"4":[1078,10],"5":[244,834],"6":[103,2],"7":[99,4],"8":[97,2],"9":[45,52],"10":[94,12],"11":[38,56],"12":[25,10],"13":[18,7],"14":[376,3376],"15":[3088,290],"16":[966,10]},"f":{"1":168,"2":66,"3":1108,"4":105,"5":106,"6":35,"7":224,"8":18,"9":424,"10":893,"11":3752,"12":3378,"13":976,"14":2245},"fnMap":{"1":{"name":"constructor","line":37,"loc":{"start":{"line":37,"column":4},"end":{"line":49,"column":4}}},"2":{"name":"startStaking","line":57,"loc":{"start":{"line":57,"column":4},"end":{"line":63,"column":4}}},"3":{"name":"deposit","line":75,"loc":{"start":{"line":75,"column":4},"end":{"line":96,"column":4}}},"4":{"name":"withdraw","line":107,"loc":{"start":{"line":107,"column":4},"end":{"line":127,"column":4}}},"5":{"name":"withdrawAll","line":136,"loc":{"start":{"line":136,"column":4},"end":{"line":154,"column":4}}},"6":{"name":"withdrawResidualBalance","line":163,"loc":{"start":{"line":163,"column":4},"end":{"line":173,"column":4}}},"7":{"name":"amountStaked","line":181,"loc":{"start":{"line":181,"column":4},"end":{"line":188,"column":4}}},"8":{"name":"totalDeposited","line":195,"loc":{"start":{"line":195,"column":4},"end":{"line":197,"column":4}}},"9":{"name":"rewardOf","line":205,"loc":{"start":{"line":205,"column":4},"end":{"line":212,"column":4}}},"10":{"name":"claimRewards","line":218,"loc":{"start":{"line":218,"column":4},"end":{"line":220,"column":4}}},"11":{"name":"_calculateRewards","line":228,"loc":{"start":{"line":228,"column":4},"end":{"line":241,"column":4}}},"12":{"name":"_percentageTimeRemaining","line":249,"loc":{"start":{"line":249,"column":4},"end":{"line":268,"column":4}}},"13":{"name":"_claimRewards","line":274,"loc":{"start":{"line":274,"column":4},"end":{"line":283,"column":4}}},"14":{"name":"_updateRewards","line":291,"loc":{"start":{"line":291,"column":4},"end":{"line":296,"column":4}}}},"statementMap":{"1":{"start":{"line":44,"column":8},"end":{"line":44,"column":49}},"2":{"start":{"line":45,"column":8},"end":{"line":45,"column":52}},"3":{"start":{"line":46,"column":8},"end":{"line":46,"column":29}},"4":{"start":{"line":47,"column":8},"end":{"line":47,"column":27}},"5":{"start":{"line":48,"column":8},"end":{"line":48,"column":36}},"6":{"start":{"line":58,"column":8},"end":{"line":58,"column":63}},"7":{"start":{"line":59,"column":8},"end":{"line":59,"column":36}},"8":{"start":{"line":60,"column":8},"end":{"line":60,"column":54}},"9":{"start":{"line":61,"column":8},"end":{"line":61,"column":52}},"10":{"start":{"line":62,"column":8},"end":{"line":62,"column":65}},"11":{"start":{"line":76,"column":8},"end":{"line":76,"column":2758}},"12":{"start":{"line":80,"column":8},"end":{"line":80,"column":2884}},"13":{"start":{"line":84,"column":8},"end":{"line":84,"column":59}},"14":{"start":{"line":86,"column":8},"end":{"line":86,"column":3075}},"15":{"start":{"line":87,"column":12},"end":{"line":87,"column":57}},"16":{"start":{"line":90,"column":8},"end":{"line":90,"column":23}},"17":{"start":{"line":92,"column":8},"end":{"line":92,"column":37}},"18":{"start":{"line":93,"column":8},"end":{"line":93,"column":29}},"19":{"start":{"line":94,"column":8},"end":{"line":94,"column":66}},"20":{"start":{"line":95,"column":8},"end":{"line":95,"column":42}},"21":{"start":{"line":108,"column":8},"end":{"line":108,"column":3936}},"22":{"start":{"line":112,"column":8},"end":{"line":112,"column":59}},"23":{"start":{"line":113,"column":8},"end":{"line":113,"column":4120}},"24":{"start":{"line":118,"column":8},"end":{"line":118,"column":23}},"25":{"start":{"line":119,"column":8},"end":{"line":119,"column":4271}},"26":{"start":{"line":120,"column":12},"end":{"line":120,"column":26}},"27":{"start":{"line":122,"column":8},"end":{"line":122,"column":29}},"28":{"start":{"line":123,"column":8},"end":{"line":123,"column":37}},"29":{"start":{"line":124,"column":8},"end":{"line":124,"column":47}},"30":{"start":{"line":126,"column":8},"end":{"line":126,"column":43}},"31":{"start":{"line":137,"column":8},"end":{"line":137,"column":4958}},"32":{"start":{"line":142,"column":8},"end":{"line":142,"column":23}},"33":{"start":{"line":143,"column":8},"end":{"line":143,"column":5108}},"34":{"start":{"line":144,"column":12},"end":{"line":144,"column":26}},"35":{"start":{"line":147,"column":8},"end":{"line":147,"column":39}},"36":{"start":{"line":148,"column":8},"end":{"line":148,"column":43}},"37":{"start":{"line":149,"column":8},"end":{"line":149,"column":49}},"38":{"start":{"line":150,"column":8},"end":{"line":150,"column":31}},"39":{"start":{"line":151,"column":8},"end":{"line":151,"column":54}},"40":{"start":{"line":153,"column":8},"end":{"line":153,"column":50}},"41":{"start":{"line":164,"column":8},"end":{"line":164,"column":5918}},"42":{"start":{"line":169,"column":8},"end":{"line":169,"column":53}},"43":{"start":{"line":170,"column":8},"end":{"line":170,"column":55}},"44":{"start":{"line":171,"column":8},"end":{"line":171,"column":70}},"45":{"start":{"line":172,"column":8},"end":{"line":172,"column":51}},"46":{"start":{"line":187,"column":8},"end":{"line":187,"column":34}},"47":{"start":{"line":196,"column":8},"end":{"line":196,"column":27}},"48":{"start":{"line":211,"column":8},"end":{"line":211,"column":45}},"49":{"start":{"line":219,"column":8},"end":{"line":219,"column":22}},"50":{"start":{"line":233,"column":8},"end":{"line":233,"column":8100}},"51":{"start":{"line":234,"column":12},"end":{"line":234,"column":20}},"52":{"start":{"line":237,"column":8},"end":{"line":237,"column":8229}},"53":{"start":{"line":254,"column":8},"end":{"line":254,"column":62}},"54":{"start":{"line":255,"column":8},"end":{"line":255,"column":22}},"55":{"start":{"line":256,"column":8},"end":{"line":256,"column":8929}},"56":{"start":{"line":257,"column":12},"end":{"line":257,"column":72}},"57":{"start":{"line":258,"column":12},"end":{"line":258,"column":9090}},"58":{"start":{"line":260,"column":12},"end":{"line":260,"column":9176}},"59":{"start":{"line":264,"column":8},"end":{"line":264,"column":9346}},"60":{"start":{"line":267,"column":8},"end":{"line":267,"column":77}},"61":{"start":{"line":275,"column":8},"end":{"line":275,"column":23}},"62":{"start":{"line":277,"column":8},"end":{"line":277,"column":59}},"63":{"start":{"line":278,"column":8},"end":{"line":278,"column":54}},"64":{"start":{"line":280,"column":8},"end":{"line":280,"column":40}},"65":{"start":{"line":281,"column":8},"end":{"line":281,"column":55}},"66":{"start":{"line":282,"column":8},"end":{"line":282,"column":48}},"67":{"start":{"line":292,"column":8},"end":{"line":292,"column":70}},"68":{"start":{"line":293,"column":8},"end":{"line":293,"column":10340}}},"branchMap":{"1":{"line":58,"type":"if","locations":[{"start":{"line":58,"column":8},"end":{"line":58,"column":8}},{"start":{"line":58,"column":8},"end":{"line":58,"column":8}}]},"2":{"line":76,"type":"if","locations":[{"start":{"line":76,"column":8},"end":{"line":76,"column":8}},{"start":{"line":76,"column":8},"end":{"line":76,"column":8}}]},"3":{"line":80,"type":"if","locations":[{"start":{"line":80,"column":8},"end":{"line":80,"column":8}},{"start":{"line":80,"column":8},"end":{"line":80,"column":8}}]},"4":{"line":84,"type":"if","locations":[{"start":{"line":84,"column":8},"end":{"line":84,"column":8}},{"start":{"line":84,"column":8},"end":{"line":84,"column":8}}]},"5":{"line":86,"type":"if","locations":[{"start":{"line":86,"column":8},"end":{"line":86,"column":8}},{"start":{"line":86,"column":8},"end":{"line":86,"column":8}}]},"6":{"line":108,"type":"if","locations":[{"start":{"line":108,"column":8},"end":{"line":108,"column":8}},{"start":{"line":108,"column":8},"end":{"line":108,"column":8}}]},"7":{"line":112,"type":"if","locations":[{"start":{"line":112,"column":8},"end":{"line":112,"column":8}},{"start":{"line":112,"column":8},"end":{"line":112,"column":8}}]},"8":{"line":113,"type":"if","locations":[{"start":{"line":113,"column":8},"end":{"line":113,"column":8}},{"start":{"line":113,"column":8},"end":{"line":113,"column":8}}]},"9":{"line":119,"type":"if","locations":[{"start":{"line":119,"column":8},"end":{"line":119,"column":8}},{"start":{"line":119,"column":8},"end":{"line":119,"column":8}}]},"10":{"line":137,"type":"if","locations":[{"start":{"line":137,"column":8},"end":{"line":137,"column":8}},{"start":{"line":137,"column":8},"end":{"line":137,"column":8}}]},"11":{"line":143,"type":"if","locations":[{"start":{"line":143,"column":8},"end":{"line":143,"column":8}},{"start":{"line":143,"column":8},"end":{"line":143,"column":8}}]},"12":{"line":164,"type":"if","locations":[{"start":{"line":164,"column":8},"end":{"line":164,"column":8}},{"start":{"line":164,"column":8},"end":{"line":164,"column":8}}]},"13":{"line":171,"type":"if","locations":[{"start":{"line":171,"column":8},"end":{"line":171,"column":8}},{"start":{"line":171,"column":8},"end":{"line":171,"column":8}}]},"14":{"line":233,"type":"if","locations":[{"start":{"line":233,"column":8},"end":{"line":233,"column":8}},{"start":{"line":233,"column":8},"end":{"line":233,"column":8}}]},"15":{"line":256,"type":"if","locations":[{"start":{"line":256,"column":8},"end":{"line":256,"column":8}},{"start":{"line":256,"column":8},"end":{"line":256,"column":8}}]},"16":{"line":278,"type":"if","locations":[{"start":{"line":278,"column":8},"end":{"line":278,"column":8}},{"start":{"line":278,"column":8},"end":{"line":278,"column":8}}]}}},"contracts\\staking\\TesterStakingPlatform.sol":{"l":{"24":16,"32":1083,"40":2},"path":"C:\\Users\\Sahil Santhosh\\Desktop\\contracts\\Csigma-Staking\\contracts\\staking\\TesterStakingPlatform.sol","s":{"1":16,"2":1083,"3":2},"b":{},"f":{"1":168,"2":16,"3":1083,"4":2},"fnMap":{"1":{"name":"constructor","line":20,"loc":{"start":{"line":7,"column":4},"end":{"line":21,"column":5}}},"2":{"name":"setPrecision","line":23,"loc":{"start":{"line":23,"column":4},"end":{"line":25,"column":4}}},"3":{"name":"calculatedReward","line":27,"loc":{"start":{"line":27,"column":4},"end":{"line":33,"column":4}}},"4":{"name":"percentageTimeRemaining","line":35,"loc":{"start":{"line":35,"column":4},"end":{"line":41,"column":4}}}},"statementMap":{"1":{"start":{"line":24,"column":8},"end":{"line":24,"column":34}},"2":{"start":{"line":32,"column":8},"end":{"line":32,"column":45}},"3":{"start":{"line":40,"column":8},"end":{"line":40,"column":52}}},"branchMap":{}}}